<?xml version="1.0" encoding="UTF-8"?>
<!-- Generated by org.testng.reporters.JUnitXMLReporter -->
<testsuite ignored="2" hostname="DESKTOP-HPNOI30" failures="0" tests="1" name="Default test" time="1.803" errors="0" timestamp="2024-03-02T13:29:26 IST">
  <testcase classname="com.database.testing.StoredFunctionTesting" name="verifyStoredProcedureWithStoredFunctionAndSqlQuery" time="0.408"/>
  <testcase classname="com.database.testing.StoredFunctionTesting" name="storedFunctionExists_Test" time="0.0">
    <ignored/>
  </testcase> <!-- storedFunctionExists_Test -->
  <testcase classname="com.database.testing.StoredFunctionTesting" name="verifyStoredFunctionWithSqlQuery" time="0.0">
    <ignored/>
  </testcase> <!-- verifyStoredFunctionWithSqlQuery -->
</testsuite> <!-- Default test -->
